\BOOKMARK [1][-]{Doc-Start}{Introduction}{}% 1
\BOOKMARK [1][-]{section.1}{Github}{}% 2
\BOOKMARK [2][-]{subsection.1.1}{The normal Github workflow}{section.1}% 3
\BOOKMARK [2][-]{subsection.1.2}{Issues and waffle}{section.1}% 4
\BOOKMARK [2][-]{subsection.1.3}{Project wiki}{section.1}% 5
\BOOKMARK [1][-]{section.2}{Vision based Sand Analyzer}{}% 6
\BOOKMARK [2][-]{subsection.2.1}{Product breakdown structure VSA}{section.2}% 7
\BOOKMARK [2][-]{subsection.2.2}{The toolboxes}{section.2}% 8
\BOOKMARK [2][-]{subsection.2.3}{Interfaces}{section.2}% 9
\BOOKMARK [1][-]{section.3}{Github}{}% 10
\BOOKMARK [2][-]{subsection.3.1}{Workflow}{section.3}% 11
\BOOKMARK [2][-]{subsection.3.2}{Subsection}{section.3}% 12
\BOOKMARK [2][-]{subsection.3.3}{Subsection}{section.3}% 13
\BOOKMARK [1][-]{section.4}{Results and Discussion}{}% 14
\BOOKMARK [2][-]{subsection.4.1}{Subsection}{section.4}% 15
\BOOKMARK [3][-]{subsubsection.4.1.1}{Subsubsection}{subsection.4.1}% 16
\BOOKMARK [3][-]{subsubsection.4.1.2}{Subsubsection}{subsection.4.1}% 17
\BOOKMARK [3][-]{subsubsection.4.1.3}{Subsubsection}{subsection.4.1}% 18
\BOOKMARK [2][-]{subsection.4.2}{Subsection}{section.4}% 19
\BOOKMARK [1][-]{section*.18}{Acknowledgments}{}% 20
