\BOOKMARK [1][-]{Doc-Start}{Introduction}{}% 1
\BOOKMARK [1][-]{section.1}{Functional design}{}% 2
\BOOKMARK [2][-]{subsection.1.1}{Goal}{section.1}% 3
\BOOKMARK [2][-]{subsection.1.2}{Global input process output}{section.1}% 4
\BOOKMARK [2][-]{subsection.1.3}{Design specifications}{section.1}% 5
\BOOKMARK [2][-]{subsection.1.4}{User interface}{section.1}% 6
\BOOKMARK [2][-]{subsection.1.5}{Manual}{section.1}% 7
\BOOKMARK [1][-]{section.2}{Global Technical design}{}% 8
\BOOKMARK [1][-]{section.3}{Vision Design}{}% 9
\BOOKMARK [1][-]{section.4}{Vision execution}{}% 10
\BOOKMARK [2][-]{subsection.4.1}{Image acquisition}{section.4}% 11
\BOOKMARK [2][-]{subsection.4.2}{Image enhancement}{section.4}% 12
\BOOKMARK [2][-]{subsection.4.3}{Particle segmentation}{section.4}% 13
\BOOKMARK [2][-]{subsection.4.4}{Feature extraction}{section.4}% 14
\BOOKMARK [1][-]{section*.11}{Acknowledgments}{}% 15
\BOOKMARK [1][-]{section*.12}{References}{}% 16
\BOOKMARK [1][-]{appendix.A}{SoilMath Library}{}% 17
\BOOKMARK [2][-]{subsection.A.1}{Genetic Algorithm Class}{appendix.A}% 18
\BOOKMARK [2][-]{subsection.A.2}{Fast Fourier Transform Class}{appendix.A}% 19
\BOOKMARK [2][-]{subsection.A.3}{Neural Network Class}{appendix.A}% 20
\BOOKMARK [2][-]{subsection.A.4}{Statistical Class}{appendix.A}% 21
\BOOKMARK [2][-]{subsection.A.5}{General project file}{appendix.A}% 22
